Already up to date.
[main b2689e4] new data and log files (cluster - automated)
 3 files changed, 2 insertions(+), 2 deletions(-)
 create mode 100644 update_weather.log
Already up to date.
Already up to date.
[main 283c597] new data and log files (cluster - automated)
 3 files changed, 6 insertions(+), 1 deletion(-)
Already up to date.
Already up to date.
[main 9779206] new data and log files (cluster - automated)
 2 files changed, 6 insertions(+), 1 deletion(-)
Already up to date.
Already up to date.
[main 3a2e327] new data and log files (cluster - automated)
 3 files changed, 5 insertions(+), 2 deletions(-)
Already up to date.
Already up to date.
[main c115326] new data and log files (cluster - automated)
 3 files changed, 5 insertions(+), 1 deletion(-)
Already up to date.
Already up to date.
