Already up to date.
[main 505a019] new data and log files (cluster - automated)
 3 files changed, 13 insertions(+)
Already up to date.
Already up to date.
[main 7eb28d5] new data and log files (cluster - automated)
 4 files changed, 7 insertions(+), 26 deletions(-)
Already up to date.
Already up to date.
[main 51237c9] new data and log files (cluster - automated)
 4 files changed, 6 insertions(+), 30 deletions(-)
Already up to date.
Already up to date.
[main aa8a9fb] new data and log files (cluster - automated)
 4 files changed, 6 insertions(+), 30 deletions(-)
Already up to date.
Already up to date.
[main db5df9f] new data and log files (cluster - automated)
 4 files changed, 6 insertions(+), 30 deletions(-)
Already up to date.
Already up to date.
[main 016a862] new data and log files (cluster - automated)
 3 files changed, 13 insertions(+)
Already up to date.
Already up to date.
[main a162f7b] new data and log files (cluster - automated)
 4 files changed, 7 insertions(+), 36 deletions(-)
Already up to date.
Already up to date.
[main b1427f5] new data and log files (cluster - automated)
 4 files changed, 6 insertions(+), 30 deletions(-)
Already up to date.
Already up to date.
[main cda4162] new data and log files (cluster - automated)
 4 files changed, 6 insertions(+), 30 deletions(-)
Already up to date.
Already up to date.
[main 7d890a8] new data and log files (cluster - automated)
 4 files changed, 6 insertions(+), 30 deletions(-)
Already up to date.
Already up to date.
[main e875144] new data and log files (cluster - automated)
 4 files changed, 6 insertions(+), 31 deletions(-)
Already up to date.
Already up to date.
[main 13e6128] new data and log files (cluster - automated)
 5 files changed, 14 insertions(+), 25 deletions(-)
Already up to date.
Already up to date.
[main ae2acb6] new data and log files (cluster - automated)
 3 files changed, 12 insertions(+)
Already up to date.
Already up to date.
[main d0f02c7] new data and log files (cluster - automated)
 4 files changed, 7 insertions(+), 36 deletions(-)
Already up to date.
Already up to date.
[main ef102e1] new data and log files (cluster - automated)
 4 files changed, 7 insertions(+), 30 deletions(-)
Already up to date.
Already up to date.
[main d2884dd] new data and log files (cluster - automated)
 4 files changed, 6 insertions(+), 30 deletions(-)
Already up to date.
Already up to date.
[main f433cab] new data and log files (cluster - automated)
 4 files changed, 6 insertions(+), 31 deletions(-)
Already up to date.
Already up to date.
[main 2cc431d] new data and log files (cluster - automated)
 3 files changed, 13 insertions(+)
Already up to date.
Already up to date.
[main 1eaf2cf] new data and log files (cluster - automated)
 4 files changed, 7 insertions(+), 36 deletions(-)
Already up to date.
Already up to date.
[main cd60dde] new data and log files (cluster - automated)
 4 files changed, 7 insertions(+), 31 deletions(-)
Already up to date.
Already up to date.
[main 098c120] new data and log files (cluster - automated)
 4 files changed, 6 insertions(+), 30 deletions(-)
Already up to date.
Already up to date.
[main d11ac00] new data and log files (cluster - automated)
 4 files changed, 6 insertions(+), 30 deletions(-)
Already up to date.
Already up to date.
[main 5fe7418] new data and log files (cluster - automated)
 4 files changed, 6 insertions(+), 30 deletions(-)
Already up to date.
Already up to date.
[main 18b74ac] new data and log files (cluster - automated)
 3 files changed, 12 insertions(+)
Already up to date.
Already up to date.
[main 383068c] new data and log files (cluster - automated)
 4 files changed, 7 insertions(+), 36 deletions(-)
Already up to date.
Already up to date.
[main b59e0f8] new data and log files (cluster - automated)
 4 files changed, 6 insertions(+), 30 deletions(-)
Already up to date.
Already up to date.
[main 3dd20f6] new data and log files (cluster - automated)
 4 files changed, 6 insertions(+), 31 deletions(-)
Already up to date.
Already up to date.
[main 871c650] new data and log files (cluster - automated)
 4 files changed, 6 insertions(+), 32 deletions(-)
Already up to date.
Already up to date.
[main bedc850] new data and log files (cluster - automated)
 4 files changed, 7 insertions(+), 30 deletions(-)
Already up to date.
Already up to date.
[main 3797f0c] new data and log files (cluster - automated)
 3 files changed, 13 insertions(+)
Already up to date.
Already up to date.
[main 2d07cbf] new data and log files (cluster - automated)
 4 files changed, 7 insertions(+), 36 deletions(-)
Already up to date.
Already up to date.
[main 382d076] new data and log files (cluster - automated)
 4 files changed, 7 insertions(+), 30 deletions(-)
Already up to date.
Already up to date.
[main cfd3d3e] new data and log files (cluster - automated)
 4 files changed, 6 insertions(+), 30 deletions(-)
Already up to date.
Already up to date.
[main 177d446] new data and log files (cluster - automated)
 4 files changed, 6 insertions(+), 30 deletions(-)
Already up to date.
Already up to date.
[main 9e38db2] new data and log files (cluster - automated)
 4 files changed, 6 insertions(+), 31 deletions(-)
Already up to date.
Already up to date.
[main 20aaa06] new data and log files (cluster - automated)
 5 files changed, 14 insertions(+), 25 deletions(-)
Already up to date.
Already up to date.
[main bf00b3d] new data and log files (cluster - automated)
 3 files changed, 12 insertions(+)
Already up to date.
Already up to date.
[main 275b29f] new data and log files (cluster - automated)
 4 files changed, 7 insertions(+), 36 deletions(-)
Already up to date.
Already up to date.
[main afa0b97] new data and log files (cluster - automated)
 4 files changed, 6 insertions(+), 30 deletions(-)
Already up to date.
Already up to date.
[main a96f688] new data and log files (cluster - automated)
 4 files changed, 6 insertions(+), 30 deletions(-)
Already up to date.
Already up to date.
[main 2339760] new data and log files (cluster - automated)
 4 files changed, 6 insertions(+), 31 deletions(-)
Already up to date.
Already up to date.
[main d10b149] new data and log files (cluster - automated)
 5 files changed, 14 insertions(+), 25 deletions(-)
Already up to date.
Already up to date.
[main 1faeeb1] new data and log files (cluster - automated)
 3 files changed, 12 insertions(+)
Already up to date.
Already up to date.
[main f692a98] new data and log files (cluster - automated)
 4 files changed, 7 insertions(+), 36 deletions(-)
Already up to date.
Already up to date.
[main 826a048] new data and log files (cluster - automated)
 4 files changed, 6 insertions(+), 30 deletions(-)
Already up to date.
Already up to date.
[main c7e6578] new data and log files (cluster - automated)
 4 files changed, 6 insertions(+), 30 deletions(-)
Already up to date.
Already up to date.
[main de9fdb1] new data and log files (cluster - automated)
 4 files changed, 6 insertions(+), 30 deletions(-)
Already up to date.
Already up to date.
[main 8f98af4] new data and log files (cluster - automated)
 5 files changed, 14 insertions(+), 25 deletions(-)
Already up to date.
Already up to date.
[main f9b8b83] new data and log files (cluster - automated)
 3 files changed, 12 insertions(+)
Already up to date.
Already up to date.
[main 7b6691b] new data and log files (cluster - automated)
 4 files changed, 7 insertions(+), 37 deletions(-)
Already up to date.
Already up to date.
[main 57478f4] new data and log files (cluster - automated)
 4 files changed, 7 insertions(+), 8 deletions(-)
Already up to date.
Already up to date.
[main 18f20ec] new data and log files (cluster - automated)
 4 files changed, 7 insertions(+), 30 deletions(-)
Already up to date.
Already up to date.
[main 5f73039] new data and log files (cluster - automated)
 4 files changed, 6 insertions(+), 30 deletions(-)
Already up to date.
Already up to date.
[main 2247d66] new data and log files (cluster - automated)
 3 files changed, 13 insertions(+)
Already up to date.
Already up to date.
[main 2255b15] new data and log files (cluster - automated)
 4 files changed, 7 insertions(+), 36 deletions(-)
Already up to date.
Already up to date.
[main 2751f24] new data and log files (cluster - automated)
 4 files changed, 6 insertions(+), 30 deletions(-)
Already up to date.
Already up to date.
[main ccfef1c] new data and log files (cluster - automated)
 4 files changed, 7 insertions(+), 8 deletions(-)
Already up to date.
Already up to date.
[main 20176ab] new data and log files (cluster - automated)
 4 files changed, 6 insertions(+), 30 deletions(-)
Already up to date.
Already up to date.
[main 0f2d32b] new data and log files (cluster - automated)
 4 files changed, 6 insertions(+), 30 deletions(-)
Already up to date.
Already up to date.
[main 4fb4bf1] new data and log files (cluster - automated)
 3 files changed, 13 insertions(+)
Already up to date.
Already up to date.
[main 357390e] new data and log files (cluster - automated)
 4 files changed, 7 insertions(+), 36 deletions(-)
Already up to date.
Already up to date.
[main 1369afb] new data and log files (cluster - automated)
 4 files changed, 6 insertions(+), 30 deletions(-)
Already up to date.
Already up to date.
[main aaee63f] new data and log files (cluster - automated)
 4 files changed, 7 insertions(+), 8 deletions(-)
Already up to date.
Already up to date.
[main 8fe98dc] new data and log files (cluster - automated)
 4 files changed, 7 insertions(+), 8 deletions(-)
Already up to date.
Already up to date.
[main 1be4621] new data and log files (cluster - automated)
 4 files changed, 6 insertions(+), 30 deletions(-)
Already up to date.
Already up to date.
[main c26648d] new data and log files (cluster - automated)
 3 files changed, 13 insertions(+)
Already up to date.
Already up to date.
[main 63c8ca9] new data and log files (cluster - automated)
 4 files changed, 7 insertions(+), 36 deletions(-)
Already up to date.
Already up to date.
[main 0962131] new data and log files (cluster - automated)
 4 files changed, 6 insertions(+), 31 deletions(-)
Already up to date.
Already up to date.
[main e5b6e05] new data and log files (cluster - automated)
 4 files changed, 7 insertions(+), 30 deletions(-)
Already up to date.
Already up to date.
[main e2bed90] new data and log files (cluster - automated)
 4 files changed, 6 insertions(+), 30 deletions(-)
Already up to date.
Already up to date.
[main 7c5823e] new data and log files (cluster - automated)
 4 files changed, 7 insertions(+), 8 deletions(-)
Already up to date.
Already up to date.
[main b314919] new data and log files (cluster - automated)
 5 files changed, 13 insertions(+), 25 deletions(-)
Already up to date.
Already up to date.
[main 99ba457] new data and log files (cluster - automated)
 4 files changed, 7 insertions(+), 36 deletions(-)
Already up to date.
Already up to date.
[main d7e903b] new data and log files (cluster - automated)
 4 files changed, 6 insertions(+), 31 deletions(-)
Already up to date.
Already up to date.
[main 0c334f4] new data and log files (cluster - automated)
 4 files changed, 6 insertions(+), 30 deletions(-)
Already up to date.
Already up to date.
[main 0e1492a] new data and log files (cluster - automated)
 4 files changed, 7 insertions(+), 8 deletions(-)
Already up to date.
Already up to date.
[main 7399b03] new data and log files (cluster - automated)
 4 files changed, 6 insertions(+), 30 deletions(-)
Already up to date.
Already up to date.
[main 9a2ffd7] new data and log files (cluster - automated)
 2 files changed, 11 insertions(+)
Already up to date.
Already up to date.
[main b14e533] new data and log files (cluster - automated)
 4 files changed, 13 insertions(+), 37 deletions(-)
Already up to date.
Already up to date.
[main 97d5240] new data and log files (cluster - automated)
 4 files changed, 7 insertions(+), 9 deletions(-)
Already up to date.
[main 2f526a6] new data and log files (cluster - automated)
 4 files changed, 6 insertions(+), 31 deletions(-)
Already up to date.
[main 4cbe0ad] new data and log files (cluster - automated)
 4 files changed, 6 insertions(+), 32 deletions(-)
Already up to date.
[main 6db71e7] new data and log files (cluster - automated)
 4 files changed, 6 insertions(+), 31 deletions(-)
Already up to date.
Already up to date.
[main 3a29072] new data and log files (cluster - automated)
 3 files changed, 13 insertions(+)
Already up to date.
Already up to date.
[main fee1374] new data and log files (cluster - automated)
 4 files changed, 7 insertions(+), 37 deletions(-)
Already up to date.
Already up to date.
[main cbc8ac8] new data and log files (cluster - automated)
 4 files changed, 6 insertions(+), 31 deletions(-)
Already up to date.
Already up to date.
[main 6b10ee4] new data and log files (cluster - automated)
 2 files changed, 83 insertions(+)
Already up to date.
Already up to date.
[main c382b59] new data and log files (cluster - automated)
 4 files changed, 6 insertions(+), 32 deletions(-)
Already up to date.
Already up to date.
[main c8da9fa] new data and log files (cluster - automated)
 4 files changed, 6 insertions(+), 31 deletions(-)
Already up to date.
[main e247d3b] new data and log files (cluster - automated)
 5 files changed, 15 insertions(+), 32 deletions(-)
Already up to date.
Already up to date.
[main 57bf297] new data and log files (cluster - automated)
 2 files changed, 11 insertions(+)
Already up to date.
Already up to date.
[main c39a1a9] new data and log files (cluster - automated)
 4 files changed, 7 insertions(+), 37 deletions(-)
Already up to date.
Already up to date.
[main 49acb6a] new data and log files (cluster - automated)
 4 files changed, 8 insertions(+), 1 deletion(-)
Already up to date.
Already up to date.
[main c50f110] new data and log files (cluster - automated)
 4 files changed, 7 insertions(+), 31 deletions(-)
Already up to date.
Already up to date.
[main 6254ee5] new data and log files (cluster - automated)
 4 files changed, 6 insertions(+), 31 deletions(-)
Already up to date.
Already up to date.
[main 0584e22] new data and log files (cluster - automated)
 3 files changed, 13 insertions(+)
Already up to date.
Already up to date.
[main 7bb0a2a] new data and log files (cluster - automated)
 4 files changed, 8 insertions(+), 37 deletions(-)
Already up to date.
Already up to date.
[main 0defb54] new data and log files (cluster - automated)
 4 files changed, 6 insertions(+), 31 deletions(-)
Already up to date.
[main 2b13a16] new data and log files (cluster - automated)
 4 files changed, 7 insertions(+), 31 deletions(-)
Already up to date.
Already up to date.
[main e3a4e3a] new data and log files (cluster - automated)
 2 files changed, 88 insertions(+)
Already up to date.
Already up to date.
[main babccbb] new data and log files (cluster - automated)
 4 files changed, 6 insertions(+), 31 deletions(-)
Already up to date.
Already up to date.
[main 87e3388] new data and log files (cluster - automated)
 3 files changed, 13 insertions(+)
Already up to date.
Already up to date.
[main e22c993] new data and log files (cluster - automated)
 4 files changed, 7 insertions(+), 38 deletions(-)
Already up to date.
[main 12e628f] new data and log files (cluster - automated)
 4 files changed, 6 insertions(+), 33 deletions(-)
Already up to date.
Already up to date.
[main 1662eda] new data and log files (cluster - automated)
 4 files changed, 7 insertions(+), 9 deletions(-)
Already up to date.
[main 0b3a6e5] new data and log files (cluster - automated)
 4 files changed, 6 insertions(+), 31 deletions(-)
Already up to date.
[main 66da36c] new data and log files (cluster - automated)
 4 files changed, 6 insertions(+), 31 deletions(-)
Already up to date.
Already up to date.
